2024-12-24 12:23:11,768 - WARNING - Head tilted up (Confidence: 1.00)
2024-12-24 12:23:11,891 - WARNING - Head tilted up (Confidence: 1.00)
2024-12-24 12:23:11,990 - WARNING - Head tilted up (Confidence: 1.00)
2024-12-24 12:23:12,084 - WARNING - Head tilted up (Confidence: 1.00)
2024-12-24 12:23:12,185 - WARNING - Head tilted up (Confidence: 1.00)
2024-12-24 12:23:12,291 - WARNING - Head tilted up (Confidence: 1.00)
2024-12-24 12:23:12,396 - WARNING - Head tilted up (Confidence: 1.00)
2024-12-24 12:23:12,492 - WARNING - Head tilted up (Confidence: 1.00)
2024-12-24 12:23:12,599 - WARNING - Head tilted up (Confidence: 1.00)
2024-12-24 12:23:12,694 - WARNING - Head tilted up (Confidence: 1.00)
2024-12-24 12:23:12,797 - WARNING - Head tilted up (Confidence: 1.00)
2024-12-24 12:23:12,901 - WARNING - Head tilted up (Confidence: 1.00)
2024-12-24 12:23:13,007 - WARNING - Head tilted up (Confidence: 1.00)
2024-12-24 12:23:13,105 - WARNING - Head tilted up (Confidence: 1.00)
2024-12-24 12:23:13,215 - WARNING - Head tilted down (Confidence: 1.00)
2024-12-24 12:23:13,310 - WARNING - Head tilted down (Confidence: 1.00)
2024-12-24 12:23:13,414 - WARNING - Head tilted down (Confidence: 1.00)
2024-12-24 12:23:13,518 - WARNING - Head tilted down (Confidence: 1.00)
2024-12-24 12:23:13,619 - WARNING - Head tilted down (Confidence: 1.00)
2024-12-24 12:23:13,725 - WARNING - Head tilted down (Confidence: 1.00)
2024-12-24 12:23:13,825 - WARNING - Head tilted down (Confidence: 1.00)
2024-12-24 12:23:13,928 - WARNING - Head tilted down (Confidence: 1.00)
2024-12-24 12:23:14,030 - WARNING - Head tilted down (Confidence: 1.00)
2024-12-24 12:23:14,135 - WARNING - Head tilted down (Confidence: 1.00)
2024-12-24 12:23:14,239 - WARNING - Head tilted down (Confidence: 1.00)
2024-12-24 12:23:14,336 - WARNING - Head tilted down (Confidence: 1.00)
2024-12-24 12:23:14,440 - WARNING - Head tilted down (Confidence: 1.00)
2024-12-24 12:23:14,540 - WARNING - Head tilted down (Confidence: 1.00)
2024-12-24 12:23:14,648 - WARNING - Head tilted up (Confidence: 1.00)
2024-12-24 12:23:14,745 - WARNING - Head tilted up (Confidence: 1.00)
2024-12-24 12:23:14,848 - WARNING - Head tilted up (Confidence: 1.00)
2024-12-24 12:23:14,848 - WARNING - Head turned right (Confidence: 0.24)
2024-12-24 12:23:14,952 - WARNING - Head tilted up (Confidence: 1.00)
2024-12-24 12:23:14,952 - WARNING - Head turned right (Confidence: 0.29)
2024-12-24 12:23:15,056 - WARNING - Head tilted up (Confidence: 1.00)
2024-12-24 12:23:15,058 - WARNING - Head turned right (Confidence: 0.35)
2024-12-24 12:23:15,157 - WARNING - Head tilted up (Confidence: 1.00)
2024-12-24 12:23:15,157 - WARNING - Head turned right (Confidence: 0.36)
2024-12-24 12:23:15,262 - WARNING - Head tilted up (Confidence: 1.00)
2024-12-24 12:23:15,263 - WARNING - Head turned right (Confidence: 0.32)
2024-12-24 12:23:15,365 - WARNING - Head tilted up (Confidence: 1.00)
2024-12-24 12:23:15,366 - WARNING - Head turned right (Confidence: 0.26)
2024-12-24 12:23:15,466 - WARNING - Head tilted up (Confidence: 1.00)
2024-12-24 12:23:15,572 - WARNING - Head tilted up (Confidence: 1.00)
2024-12-24 12:23:15,678 - WARNING - Head tilted up (Confidence: 1.00)
2024-12-24 12:23:15,772 - WARNING - Head tilted up (Confidence: 1.00)
2024-12-24 12:23:15,873 - WARNING - Head tilted up (Confidence: 1.00)
2024-12-24 12:23:15,980 - WARNING - Looking right (Confidence: 0.31)
2024-12-24 12:23:15,990 - WARNING - Head tilted up (Confidence: 1.00)
2024-12-24 12:23:15,990 - WARNING - Head turned left (Confidence: 0.28)
2024-12-24 12:23:16,074 - WARNING - Looking right (Confidence: 0.36)
2024-12-24 12:23:16,074 - WARNING - Head tilted up (Confidence: 1.00)
2024-12-24 12:23:16,074 - WARNING - Head turned left (Confidence: 0.64)
2024-12-24 12:23:16,074 - WARNING - Head leaning right (Confidence: 1.00)
2024-12-24 12:23:16,174 - WARNING - Looking right (Confidence: 0.38)
2024-12-24 12:23:16,174 - WARNING - Suspicious rapid eye movements (Confidence: 0.95)
2024-12-24 12:23:16,174 - WARNING - Head tilted up (Confidence: 1.00)
2024-12-24 12:23:16,174 - WARNING - Head turned left (Confidence: 0.68)
2024-12-24 12:23:16,174 - WARNING - Head leaning right (Confidence: 1.00)
2024-12-24 12:23:16,277 - WARNING - Looking right (Confidence: 0.40)
2024-12-24 12:23:16,277 - WARNING - Head tilted down (Confidence: 1.00)
2024-12-24 12:23:16,277 - WARNING - Head turned left (Confidence: 0.75)
2024-12-24 12:23:16,277 - WARNING - Head leaning right (Confidence: 1.00)
2024-12-24 12:23:16,375 - WARNING - Looking right (Confidence: 0.40)
2024-12-24 12:23:16,376 - WARNING - Head tilted up (Confidence: 1.00)
2024-12-24 12:23:16,376 - WARNING - Head turned left (Confidence: 0.45)
2024-12-24 12:23:16,480 - WARNING - Looking right (Confidence: 0.40)
2024-12-24 12:23:16,480 - WARNING - Suspicious rapid eye movements (Confidence: 0.95)
2024-12-24 12:23:16,480 - WARNING - Head tilted down (Confidence: 1.00)
2024-12-24 12:23:16,480 - WARNING - Head turned left (Confidence: 0.69)
2024-12-24 12:23:16,480 - WARNING - Head leaning right (Confidence: 1.00)
2024-12-24 12:23:16,583 - WARNING - Looking right (Confidence: 0.39)
2024-12-24 12:23:16,583 - WARNING - Head tilted down (Confidence: 1.00)
2024-12-24 12:23:16,583 - WARNING - Head turned left (Confidence: 0.65)
2024-12-24 12:23:16,583 - WARNING - Head leaning right (Confidence: 1.00)
2024-12-24 12:23:16,687 - WARNING - Looking right (Confidence: 0.38)
2024-12-24 12:23:16,687 - WARNING - Head tilted down (Confidence: 1.00)
2024-12-24 12:23:16,687 - WARNING - Head turned left (Confidence: 0.65)
2024-12-24 12:23:16,687 - WARNING - Head leaning right (Confidence: 1.00)
2024-12-24 12:23:16,789 - WARNING - Looking right (Confidence: 0.39)
2024-12-24 12:23:16,789 - WARNING - Suspicious rapid eye movements (Confidence: 0.95)
2024-12-24 12:23:16,789 - WARNING - Head tilted down (Confidence: 1.00)
2024-12-24 12:23:16,789 - WARNING - Head turned left (Confidence: 0.67)
2024-12-24 12:23:16,789 - WARNING - Head leaning right (Confidence: 1.00)
2024-12-24 12:23:16,886 - WARNING - Looking right (Confidence: 0.39)
2024-12-24 12:23:16,886 - WARNING - Head tilted up (Confidence: 1.00)
2024-12-24 12:23:16,886 - WARNING - Head turned left (Confidence: 0.68)
2024-12-24 12:23:16,886 - WARNING - Head leaning right (Confidence: 1.00)
2024-12-24 12:23:16,990 - WARNING - Looking right (Confidence: 0.38)
2024-12-24 12:23:16,991 - WARNING - Head tilted down (Confidence: 1.00)
2024-12-24 12:23:16,991 - WARNING - Head turned left (Confidence: 0.66)
2024-12-24 12:23:16,991 - WARNING - Head leaning right (Confidence: 1.00)
2024-12-24 12:23:17,096 - WARNING - Looking right (Confidence: 0.39)
2024-12-24 12:23:17,096 - WARNING - Suspicious rapid eye movements (Confidence: 0.95)
2024-12-24 12:23:17,096 - WARNING - Head tilted down (Confidence: 1.00)
2024-12-24 12:23:17,096 - WARNING - Head turned left (Confidence: 0.68)
2024-12-24 12:23:17,096 - WARNING - Head leaning right (Confidence: 1.00)
2024-12-24 12:23:17,197 - WARNING - Looking right (Confidence: 0.39)
2024-12-24 12:23:17,198 - WARNING - Head tilted down (Confidence: 1.00)
2024-12-24 12:23:17,198 - WARNING - Head turned left (Confidence: 0.68)
2024-12-24 12:23:17,198 - WARNING - Head leaning right (Confidence: 1.00)
2024-12-24 12:23:17,299 - WARNING - Looking right (Confidence: 0.39)
2024-12-24 12:23:17,299 - WARNING - Head tilted down (Confidence: 1.00)
2024-12-24 12:23:17,299 - WARNING - Head turned left (Confidence: 0.68)
2024-12-24 12:23:17,299 - WARNING - Head leaning right (Confidence: 1.00)
2024-12-24 12:23:17,406 - WARNING - Looking right (Confidence: 0.40)
2024-12-24 12:23:17,406 - WARNING - Suspicious rapid eye movements (Confidence: 0.95)
2024-12-24 12:23:17,406 - WARNING - Head tilted down (Confidence: 1.00)
2024-12-24 12:23:17,406 - WARNING - Head turned left (Confidence: 0.72)
2024-12-24 12:23:17,406 - WARNING - Head leaning right (Confidence: 1.00)
2024-12-24 12:23:17,505 - WARNING - Looking right (Confidence: 0.40)
2024-12-24 12:23:17,506 - WARNING - Sustained irregular gaze detected (Confidence: 0.95)
2024-12-24 12:23:17,506 - WARNING - Head tilted down (Confidence: 1.00)
2024-12-24 12:23:17,506 - WARNING - Head turned left (Confidence: 0.70)
2024-12-24 12:23:17,507 - WARNING - Head leaning right (Confidence: 1.00)
2024-12-24 12:23:17,608 - WARNING - Looking right (Confidence: 0.38)
2024-12-24 12:23:17,608 - WARNING - Sustained irregular gaze detected (Confidence: 0.95)
2024-12-24 12:23:17,609 - WARNING - Head tilted down (Confidence: 1.00)
2024-12-24 12:23:17,609 - WARNING - Head turned left (Confidence: 0.65)
2024-12-24 12:23:17,609 - WARNING - Head leaning right (Confidence: 1.00)
2024-12-24 12:23:17,709 - WARNING - Looking right (Confidence: 0.37)
2024-12-24 12:23:17,709 - WARNING - Sustained irregular gaze detected (Confidence: 0.95)
2024-12-24 12:23:17,709 - WARNING - Suspicious rapid eye movements (Confidence: 0.95)
2024-12-24 12:23:17,709 - WARNING - Head tilted down (Confidence: 1.00)
2024-12-24 12:23:17,709 - WARNING - Head turned left (Confidence: 0.61)
2024-12-24 12:23:17,709 - WARNING - Head leaning right (Confidence: 1.00)
2024-12-24 12:23:17,814 - WARNING - Looking right (Confidence: 0.34)
2024-12-24 12:23:17,814 - WARNING - Sustained irregular gaze detected (Confidence: 0.95)
2024-12-24 12:23:17,814 - WARNING - Head tilted up (Confidence: 1.00)
2024-12-24 12:23:17,814 - WARNING - Head turned left (Confidence: 0.30)
2024-12-24 12:23:17,917 - WARNING - Looking right (Confidence: 0.32)
2024-12-24 12:23:17,917 - WARNING - Sustained irregular gaze detected (Confidence: 0.95)
2024-12-24 12:23:17,917 - WARNING - Head tilted up (Confidence: 1.00)
2024-12-24 12:23:17,917 - WARNING - Head turned left (Confidence: 0.25)
2024-12-24 12:23:18,022 - WARNING - Looking right (Confidence: 0.31)
2024-12-24 12:23:18,024 - WARNING - Sustained irregular gaze detected (Confidence: 0.95)
2024-12-24 12:23:18,024 - WARNING - Suspicious rapid eye movements (Confidence: 0.95)
2024-12-24 12:23:18,024 - WARNING - Head tilted up (Confidence: 1.00)
2024-12-24 12:23:18,024 - WARNING - Head turned left (Confidence: 0.23)
2024-12-24 12:23:18,119 - WARNING - Looking right (Confidence: 0.30)
2024-12-24 12:23:18,119 - WARNING - Sustained irregular gaze detected (Confidence: 0.95)
2024-12-24 12:23:18,120 - WARNING - Head tilted up (Confidence: 1.00)
2024-12-24 12:23:18,120 - WARNING - Head turned left (Confidence: 0.24)
2024-12-24 12:23:18,223 - WARNING - Head tilted up (Confidence: 1.00)
2024-12-24 12:23:18,224 - WARNING - Head turned left (Confidence: 0.24)
2024-12-24 12:23:18,329 - WARNING - Head tilted up (Confidence: 1.00)
2024-12-24 12:23:18,435 - WARNING - Head tilted up (Confidence: 1.00)
2024-12-24 12:23:18,536 - WARNING - Head tilted up (Confidence: 1.00)
2024-12-24 12:23:18,642 - WARNING - Head tilted up (Confidence: 1.00)
2024-12-24 12:23:18,747 - WARNING - Head tilted up (Confidence: 1.00)
2024-12-24 12:23:18,851 - WARNING - Head tilted up (Confidence: 1.00)
2024-12-24 12:23:18,946 - WARNING - Head tilted up (Confidence: 1.00)
2024-12-24 12:23:19,053 - WARNING - Head tilted up (Confidence: 1.00)
2024-12-24 12:23:19,155 - WARNING - Head tilted up (Confidence: 1.00)
2024-12-24 12:23:19,155 - WARNING - Head turned right (Confidence: 0.31)
2024-12-24 12:23:19,256 - WARNING - Head tilted up (Confidence: 1.00)
2024-12-24 12:23:19,256 - WARNING - Head turned right (Confidence: 0.37)
2024-12-24 12:23:19,363 - WARNING - Head tilted up (Confidence: 1.00)
2024-12-24 12:23:19,363 - WARNING - Head turned right (Confidence: 0.39)
2024-12-24 12:23:19,468 - WARNING - Head tilted up (Confidence: 1.00)
2024-12-24 12:23:19,468 - WARNING - Head turned right (Confidence: 0.38)
2024-12-24 12:23:19,573 - WARNING - Head tilted up (Confidence: 1.00)
2024-12-24 12:23:19,573 - WARNING - Head turned right (Confidence: 0.41)
2024-12-24 12:23:19,672 - WARNING - Head tilted up (Confidence: 1.00)
2024-12-24 12:23:19,673 - WARNING - Head turned right (Confidence: 0.39)
2024-12-24 12:23:19,777 - WARNING - Head tilted up (Confidence: 1.00)
2024-12-24 12:23:19,777 - WARNING - Head turned right (Confidence: 0.41)
2024-12-24 12:23:19,879 - WARNING - Head tilted up (Confidence: 1.00)
2024-12-24 12:23:19,879 - WARNING - Head turned right (Confidence: 0.34)
2024-12-24 12:23:19,977 - WARNING - Head tilted down (Confidence: 1.00)
2024-12-24 12:23:19,977 - WARNING - Head turned right (Confidence: 0.29)
2024-12-24 12:23:20,083 - WARNING - Head tilted down (Confidence: 1.00)
2024-12-24 12:23:20,084 - WARNING - Head turned right (Confidence: 0.26)
2024-12-24 12:23:20,182 - WARNING - Head tilted down (Confidence: 1.00)
2024-12-24 12:23:20,182 - WARNING - Head turned right (Confidence: 0.23)
2024-12-24 12:23:20,282 - WARNING - Head tilted up (Confidence: 1.00)
2024-12-24 12:23:20,387 - WARNING - Head tilted up (Confidence: 1.00)
2024-12-24 12:23:20,492 - WARNING - Head tilted up (Confidence: 1.00)
2024-12-24 12:23:20,592 - WARNING - Head tilted up (Confidence: 1.00)
2024-12-24 12:23:20,694 - WARNING - Head tilted up (Confidence: 1.00)
2024-12-24 12:23:20,799 - WARNING - Head tilted up (Confidence: 1.00)
2024-12-24 12:23:20,898 - WARNING - Head tilted up (Confidence: 1.00)
2024-12-24 12:23:21,002 - WARNING - Head tilted up (Confidence: 1.00)
2024-12-24 12:23:21,103 - WARNING - Head tilted up (Confidence: 1.00)
2024-12-24 12:23:21,209 - WARNING - Head tilted up (Confidence: 1.00)
2024-12-24 12:23:21,311 - WARNING - Head tilted up (Confidence: 1.00)
2024-12-24 12:23:21,420 - WARNING - Head tilted up (Confidence: 1.00)
2024-12-24 12:23:21,522 - WARNING - Head tilted up (Confidence: 1.00)
2024-12-24 12:23:21,628 - WARNING - Head tilted up (Confidence: 1.00)
2024-12-24 12:23:21,729 - WARNING - Head tilted up (Confidence: 1.00)
2024-12-24 12:23:21,835 - WARNING - Head tilted up (Confidence: 1.00)
2024-12-24 12:23:21,940 - WARNING - Head tilted up (Confidence: 1.00)
2024-12-24 12:23:22,038 - WARNING - Head tilted up (Confidence: 1.00)
2024-12-24 12:23:22,144 - WARNING - Head tilted up (Confidence: 1.00)
2024-12-24 12:23:22,248 - WARNING - Head tilted up (Confidence: 1.00)
2024-12-24 12:23:22,353 - WARNING - Head tilted down (Confidence: 1.00)
2024-12-24 12:23:22,456 - WARNING - Head tilted down (Confidence: 1.00)
2024-12-24 12:23:22,560 - WARNING - Head tilted down (Confidence: 1.00)
2024-12-24 12:23:22,659 - WARNING - Head tilted down (Confidence: 1.00)
2024-12-24 12:23:22,762 - WARNING - Head tilted down (Confidence: 1.00)
2024-12-24 12:23:22,864 - WARNING - Head tilted down (Confidence: 1.00)
2024-12-24 12:23:22,969 - WARNING - Head tilted down (Confidence: 1.00)
2024-12-24 12:23:23,081 - WARNING - Head tilted down (Confidence: 1.00)
2024-12-24 12:23:23,175 - WARNING - Head tilted down (Confidence: 1.00)
2024-12-24 12:23:23,275 - WARNING - Head tilted down (Confidence: 1.00)
2024-12-24 12:23:23,378 - WARNING - Head tilted up (Confidence: 1.00)
2024-12-24 12:23:23,480 - WARNING - Head tilted up (Confidence: 1.00)
2024-12-24 12:23:23,584 - WARNING - Head tilted up (Confidence: 1.00)
2024-12-24 12:23:23,686 - WARNING - Head tilted up (Confidence: 1.00)
2024-12-24 12:23:23,793 - WARNING - Head tilted up (Confidence: 1.00)
2024-12-24 12:23:23,894 - WARNING - Head tilted up (Confidence: 1.00)
2024-12-24 12:23:24,003 - WARNING - Head tilted up (Confidence: 1.00)
2024-12-24 12:23:24,098 - WARNING - Head tilted up (Confidence: 1.00)
2024-12-24 12:23:24,208 - WARNING - Head tilted up (Confidence: 1.00)
2024-12-24 12:23:24,307 - WARNING - Head tilted up (Confidence: 1.00)
2024-12-24 12:23:24,421 - WARNING - Head tilted up (Confidence: 1.00)
2024-12-24 12:23:24,421 - WARNING - Head turned right (Confidence: 0.54)
2024-12-24 12:23:24,421 - WARNING - Head leaning left (Confidence: 1.00)
2024-12-24 12:23:24,519 - WARNING - Head tilted up (Confidence: 1.00)
2024-12-24 12:23:24,519 - WARNING - Head turned right (Confidence: 0.62)
2024-12-24 12:23:24,519 - WARNING - Head leaning right (Confidence: 1.00)
2024-12-24 12:23:24,631 - WARNING - Head tilted down (Confidence: 1.00)
2024-12-24 12:23:24,631 - WARNING - Head turned left (Confidence: 0.49)
2024-12-24 12:23:24,631 - WARNING - Head leaning left (Confidence: 1.00)
2024-12-24 12:23:24,721 - WARNING - Head tilted down (Confidence: 1.00)
2024-12-24 12:23:24,721 - WARNING - Head turned left (Confidence: 0.54)
2024-12-24 12:23:24,721 - WARNING - Head leaning right (Confidence: 1.00)
2024-12-24 12:23:24,831 - WARNING - Head tilted up (Confidence: 1.00)
2024-12-24 12:23:24,831 - WARNING - Head turned right (Confidence: 0.74)
2024-12-24 12:23:24,831 - WARNING - Head leaning left (Confidence: 1.00)
2024-12-24 12:23:24,935 - WARNING - Head tilted down (Confidence: 1.00)
2024-12-24 12:23:24,935 - WARNING - Head turned right (Confidence: 0.36)
2024-12-24 12:23:24,935 - WARNING - Head leaning left (Confidence: 1.00)
2024-12-24 12:23:25,042 - WARNING - Head tilted up (Confidence: 1.00)
2024-12-24 12:23:25,042 - WARNING - Head turned right (Confidence: 0.70)
2024-12-24 12:23:25,138 - WARNING - Head tilted down (Confidence: 1.00)
2024-12-24 12:23:25,138 - WARNING - Head turned left (Confidence: 0.37)
2024-12-24 12:23:25,138 - WARNING - Head leaning left (Confidence: 1.00)
2024-12-24 12:23:25,241 - WARNING - Head tilted up (Confidence: 1.00)
2024-12-24 12:23:25,241 - WARNING - Head turned right (Confidence: 0.51)
2024-12-24 12:23:25,241 - WARNING - Head leaning left (Confidence: 1.00)
2024-12-24 12:23:25,346 - WARNING - Head tilted up (Confidence: 1.00)
2024-12-24 12:23:25,346 - WARNING - Head turned right (Confidence: 0.28)
2024-12-24 12:23:25,446 - WARNING - Head tilted up (Confidence: 1.00)
2024-12-24 12:23:25,550 - WARNING - Head tilted up (Confidence: 1.00)
2024-12-24 12:23:25,653 - WARNING - Head tilted up (Confidence: 1.00)
2024-12-24 12:23:25,756 - WARNING - Head tilted up (Confidence: 1.00)
2024-12-24 12:23:25,856 - WARNING - Head tilted up (Confidence: 1.00)
2024-12-24 12:23:25,856 - WARNING - Head turned left (Confidence: 0.22)
2024-12-24 12:23:25,959 - WARNING - Head tilted up (Confidence: 1.00)
2024-12-24 12:23:25,960 - WARNING - Head turned left (Confidence: 0.23)
2024-12-24 12:23:26,059 - WARNING - Head tilted up (Confidence: 1.00)
2024-12-24 12:23:26,059 - WARNING - Head turned left (Confidence: 0.60)
2024-12-24 12:23:26,059 - WARNING - Head leaning right (Confidence: 1.00)
2024-12-24 12:23:26,167 - WARNING - Looking right (Confidence: 0.32)
2024-12-24 12:23:26,168 - WARNING - Head tilted up (Confidence: 1.00)
2024-12-24 12:23:26,168 - WARNING - Head turned left (Confidence: 0.66)
2024-12-24 12:23:26,168 - WARNING - Head leaning right (Confidence: 1.00)
2024-12-24 12:23:26,267 - WARNING - Looking right (Confidence: 0.32)
2024-12-24 12:23:26,267 - WARNING - Head tilted up (Confidence: 1.00)
2024-12-24 12:23:26,267 - WARNING - Head turned left (Confidence: 0.66)
2024-12-24 12:23:26,267 - WARNING - Head leaning right (Confidence: 1.00)
2024-12-24 12:23:26,370 - WARNING - Looking right (Confidence: 0.31)
2024-12-24 12:23:26,370 - WARNING - Suspicious rapid eye movements (Confidence: 0.95)
2024-12-24 12:23:26,370 - WARNING - Head tilted up (Confidence: 1.00)
2024-12-24 12:23:26,370 - WARNING - Head turned left (Confidence: 0.60)
2024-12-24 12:23:26,370 - WARNING - Head leaning right (Confidence: 1.00)
2024-12-24 12:23:26,473 - WARNING - Head tilted up (Confidence: 1.00)
2024-12-24 12:23:26,474 - WARNING - Head turned left (Confidence: 0.29)
2024-12-24 12:23:26,577 - WARNING - Head tilted up (Confidence: 1.00)
2024-12-24 12:23:26,577 - WARNING - Head turned left (Confidence: 0.28)
2024-12-24 12:23:26,680 - WARNING - Head tilted up (Confidence: 1.00)
2024-12-24 12:23:26,680 - WARNING - Head turned left (Confidence: 0.23)
2024-12-24 12:23:26,777 - WARNING - Head tilted up (Confidence: 1.00)
2024-12-24 12:23:26,885 - WARNING - Head tilted up (Confidence: 1.00)
2024-12-24 12:23:26,985 - WARNING - Head tilted down (Confidence: 1.00)
2024-12-24 12:23:27,082 - WARNING - Head tilted down (Confidence: 1.00)
2024-12-24 12:23:27,182 - WARNING - Head tilted down (Confidence: 1.00)
2024-12-24 12:23:27,286 - WARNING - Head tilted down (Confidence: 1.00)
2024-12-24 12:23:27,387 - WARNING - Head tilted down (Confidence: 1.00)
2024-12-24 12:23:27,488 - WARNING - Head tilted down (Confidence: 1.00)
2024-12-24 12:23:27,597 - WARNING - Head tilted down (Confidence: 1.00)
2024-12-24 12:23:27,694 - WARNING - Head tilted down (Confidence: 1.00)
2024-12-24 12:23:27,796 - WARNING - Head tilted down (Confidence: 1.00)
2024-12-24 12:23:27,897 - WARNING - Head tilted up (Confidence: 1.00)
2024-12-24 12:23:28,004 - WARNING - Head tilted up (Confidence: 1.00)
2024-12-24 12:23:28,108 - WARNING - Head tilted up (Confidence: 1.00)
2024-12-24 12:23:28,221 - WARNING - Head tilted up (Confidence: 1.00)
2024-12-24 12:23:28,319 - WARNING - Head tilted up (Confidence: 1.00)
2024-12-24 12:23:28,428 - WARNING - Head tilted up (Confidence: 1.00)
2024-12-24 12:23:28,526 - WARNING - Head tilted up (Confidence: 1.00)
2024-12-24 12:23:28,632 - WARNING - Head tilted up (Confidence: 1.00)
2024-12-24 12:23:28,737 - WARNING - Head tilted up (Confidence: 1.00)
2024-12-24 12:23:28,845 - WARNING - Head tilted up (Confidence: 1.00)
2024-12-24 12:23:28,940 - WARNING - Head tilted up (Confidence: 1.00)
2024-12-24 12:23:29,042 - WARNING - Head tilted up (Confidence: 1.00)
2024-12-24 12:23:29,146 - WARNING - Head tilted up (Confidence: 1.00)
2024-12-24 12:23:29,253 - WARNING - Head tilted up (Confidence: 1.00)
2024-12-24 12:23:29,356 - WARNING - Head tilted up (Confidence: 1.00)
2024-12-24 12:23:29,468 - WARNING - Head tilted up (Confidence: 1.00)
2024-12-24 12:23:29,571 - WARNING - Head tilted up (Confidence: 1.00)
2024-12-24 12:23:29,674 - WARNING - Head tilted up (Confidence: 1.00)
2024-12-24 12:23:29,777 - WARNING - Head tilted up (Confidence: 1.00)
2024-12-24 12:23:29,878 - WARNING - Head tilted up (Confidence: 1.00)
2024-12-24 12:23:29,878 - WARNING - Head turned right (Confidence: 0.28)
2024-12-24 12:23:29,986 - WARNING - Head tilted up (Confidence: 1.00)
2024-12-24 12:23:29,986 - WARNING - Head turned right (Confidence: 0.42)
2024-12-24 12:23:30,086 - WARNING - Head tilted up (Confidence: 1.00)
2024-12-24 12:23:30,086 - WARNING - Head turned right (Confidence: 0.49)
2024-12-24 12:23:30,190 - WARNING - Head tilted up (Confidence: 1.00)
2024-12-24 12:23:30,190 - WARNING - Head turned right (Confidence: 0.55)
2024-12-24 12:23:30,190 - WARNING - Head leaning left (Confidence: 1.00)
2024-12-24 12:23:30,294 - WARNING - Head tilted down (Confidence: 1.00)
2024-12-24 12:23:30,294 - WARNING - Head turned left (Confidence: 0.39)
2024-12-24 12:23:30,294 - WARNING - Head leaning left (Confidence: 1.00)
2024-12-24 12:23:30,398 - WARNING - Head tilted down (Confidence: 1.00)
2024-12-24 12:23:30,398 - WARNING - Head turned left (Confidence: 0.42)
2024-12-24 12:23:30,398 - WARNING - Head leaning left (Confidence: 1.00)
2024-12-24 12:23:30,496 - WARNING - Head tilted down (Confidence: 1.00)
2024-12-24 12:23:30,496 - WARNING - Head turned left (Confidence: 0.41)
2024-12-24 12:23:30,496 - WARNING - Head leaning left (Confidence: 1.00)
2024-12-24 12:23:30,606 - WARNING - Head tilted down (Confidence: 1.00)
2024-12-24 12:23:30,606 - WARNING - Head turned left (Confidence: 0.46)
2024-12-24 12:23:30,606 - WARNING - Head leaning left (Confidence: 1.00)
2024-12-24 12:23:30,705 - WARNING - Head tilted down (Confidence: 1.00)
2024-12-24 12:23:30,705 - WARNING - Head turned left (Confidence: 0.56)
2024-12-24 12:23:30,706 - WARNING - Head leaning right (Confidence: 1.00)
2024-12-24 12:23:30,812 - WARNING - Head tilted up (Confidence: 1.00)
2024-12-24 12:23:30,812 - WARNING - Head turned right (Confidence: 0.72)
2024-12-24 12:23:30,912 - WARNING - Head tilted down (Confidence: 1.00)
2024-12-24 12:23:30,913 - WARNING - Head turned left (Confidence: 0.57)
2024-12-24 12:23:30,913 - WARNING - Head leaning right (Confidence: 1.00)
2024-12-24 12:23:31,014 - WARNING - Head tilted down (Confidence: 1.00)
2024-12-24 12:23:31,014 - WARNING - Head turned left (Confidence: 0.61)
2024-12-24 12:23:31,014 - WARNING - Head leaning right (Confidence: 1.00)
2024-12-24 12:23:31,113 - WARNING - Head tilted up (Confidence: 1.00)
2024-12-24 12:23:31,113 - WARNING - Head turned right (Confidence: 0.74)
2024-12-24 12:23:31,219 - WARNING - Head tilted up (Confidence: 1.00)
2024-12-24 12:23:31,220 - WARNING - Head turned right (Confidence: 0.68)
2024-12-24 12:23:31,319 - WARNING - Head tilted up (Confidence: 1.00)
2024-12-24 12:23:31,320 - WARNING - Head turned right (Confidence: 0.74)
2024-12-24 12:23:31,320 - WARNING - Head leaning left (Confidence: 1.00)
2024-12-24 12:23:31,430 - WARNING - Head tilted up (Confidence: 1.00)
2024-12-24 12:23:31,430 - WARNING - Head turned right (Confidence: 0.74)
2024-12-24 12:23:31,430 - WARNING - Head leaning left (Confidence: 1.00)
2024-12-24 12:23:31,524 - WARNING - Head tilted up (Confidence: 1.00)
2024-12-24 12:23:31,524 - WARNING - Head turned right (Confidence: 0.69)
2024-12-24 12:23:31,630 - WARNING - Head tilted up (Confidence: 1.00)
2024-12-24 12:23:31,632 - WARNING - Head turned right (Confidence: 0.24)
2024-12-24 12:23:31,632 - WARNING - Head leaning left (Confidence: 1.00)
2024-12-24 12:23:31,734 - WARNING - Head tilted down (Confidence: 1.00)
2024-12-24 12:23:31,734 - WARNING - Head turned left (Confidence: 0.56)
2024-12-24 12:23:31,734 - WARNING - Head leaning right (Confidence: 1.00)
2024-12-24 12:23:31,839 - WARNING - Head tilted down (Confidence: 1.00)
2024-12-24 12:23:31,839 - WARNING - Head turned left (Confidence: 0.47)
2024-12-24 12:23:31,839 - WARNING - Head leaning left (Confidence: 1.00)
2024-12-24 12:23:31,939 - WARNING - Head tilted up (Confidence: 1.00)
2024-12-24 12:23:31,939 - WARNING - Head turned right (Confidence: 0.38)
2024-12-24 12:23:31,939 - WARNING - Head leaning left (Confidence: 1.00)
2024-12-24 12:23:32,042 - WARNING - Head tilted up (Confidence: 1.00)
2024-12-24 12:23:32,042 - WARNING - Head turned right (Confidence: 0.28)
2024-12-24 12:23:32,142 - WARNING - Head tilted up (Confidence: 1.00)
2024-12-24 12:23:32,251 - WARNING - Head tilted up (Confidence: 1.00)
2024-12-24 12:23:32,360 - WARNING - Head tilted up (Confidence: 1.00)
2024-12-24 12:23:32,464 - WARNING - Head tilted up (Confidence: 1.00)
2024-12-24 12:23:32,562 - WARNING - Head tilted up (Confidence: 1.00)
2024-12-24 12:23:32,668 - WARNING - Head tilted up (Confidence: 1.00)
2024-12-24 12:23:32,770 - WARNING - Head tilted up (Confidence: 1.00)
2024-12-24 12:23:32,770 - WARNING - Head turned left (Confidence: 0.24)
2024-12-24 12:23:32,871 - WARNING - Head tilted up (Confidence: 1.00)
2024-12-24 12:23:32,871 - WARNING - Head turned left (Confidence: 0.24)
2024-12-24 12:23:32,972 - WARNING - Looking right (Confidence: 0.35)
2024-12-24 12:23:32,972 - WARNING - Head tilted up (Confidence: 1.00)
2024-12-24 12:23:32,973 - WARNING - Head turned left (Confidence: 0.67)
2024-12-24 12:23:32,973 - WARNING - Head leaning right (Confidence: 1.00)
2024-12-24 12:23:33,083 - WARNING - Looking right (Confidence: 0.36)
2024-12-24 12:23:33,084 - WARNING - Head tilted up (Confidence: 1.00)
2024-12-24 12:23:33,084 - WARNING - Head turned left (Confidence: 0.69)
2024-12-24 12:23:33,084 - WARNING - Head leaning right (Confidence: 1.00)
2024-12-24 12:23:33,179 - WARNING - Looking right (Confidence: 0.36)
2024-12-24 12:23:33,179 - WARNING - Suspicious rapid eye movements (Confidence: 0.95)
2024-12-24 12:23:33,179 - WARNING - Head tilted up (Confidence: 1.00)
2024-12-24 12:23:33,179 - WARNING - Head turned left (Confidence: 0.68)
2024-12-24 12:23:33,179 - WARNING - Head leaning right (Confidence: 1.00)
2024-12-24 12:23:33,286 - WARNING - Looking right (Confidence: 0.36)
2024-12-24 12:23:33,286 - WARNING - Head tilted down (Confidence: 1.00)
2024-12-24 12:23:33,286 - WARNING - Head turned left (Confidence: 0.30)
2024-12-24 12:23:33,287 - WARNING - Head leaning right (Confidence: 1.00)
2024-12-24 12:23:33,389 - WARNING - Looking right (Confidence: 0.36)
2024-12-24 12:23:33,389 - WARNING - Head tilted up (Confidence: 1.00)
2024-12-24 12:23:33,389 - WARNING - Head turned left (Confidence: 0.43)
2024-12-24 12:23:33,488 - WARNING - Looking right (Confidence: 0.36)
2024-12-24 12:23:33,489 - WARNING - Suspicious rapid eye movements (Confidence: 0.95)
2024-12-24 12:23:33,489 - WARNING - Head tilted up (Confidence: 1.00)
2024-12-24 12:23:33,489 - WARNING - Head turned left (Confidence: 0.70)
2024-12-24 12:23:33,489 - WARNING - Head leaning right (Confidence: 1.00)
2024-12-24 12:23:33,593 - WARNING - Looking right (Confidence: 0.36)
2024-12-24 12:23:33,593 - WARNING - Head tilted up (Confidence: 1.00)
2024-12-24 12:23:33,593 - WARNING - Head turned left (Confidence: 0.69)
2024-12-24 12:23:33,593 - WARNING - Head leaning right (Confidence: 1.00)
2024-12-24 12:23:33,691 - WARNING - Looking right (Confidence: 0.36)
2024-12-24 12:23:33,691 - WARNING - Head tilted up (Confidence: 1.00)
2024-12-24 12:23:33,691 - WARNING - Head turned left (Confidence: 0.73)
2024-12-24 12:23:33,691 - WARNING - Head leaning right (Confidence: 1.00)
2024-12-24 12:23:33,796 - WARNING - Looking right (Confidence: 0.38)
2024-12-24 12:23:33,797 - WARNING - Suspicious rapid eye movements (Confidence: 0.95)
2024-12-24 12:23:33,797 - WARNING - Head tilted down (Confidence: 1.00)
2024-12-24 12:23:33,797 - WARNING - Head turned left (Confidence: 0.78)
2024-12-24 12:23:33,797 - WARNING - Head leaning right (Confidence: 1.00)
2024-12-24 12:23:33,896 - WARNING - Looking right (Confidence: 0.39)
2024-12-24 12:23:33,896 - WARNING - Head tilted up (Confidence: 1.00)
2024-12-24 12:23:33,896 - WARNING - Head turned right (Confidence: 0.81)
2024-12-24 12:23:33,896 - WARNING - Head leaning left (Confidence: 0.34)
2024-12-24 12:23:33,998 - WARNING - Looking right (Confidence: 0.42)
2024-12-24 12:23:34,000 - WARNING - Head tilted down (Confidence: 1.00)
2024-12-24 12:23:34,000 - WARNING - Head turned left (Confidence: 0.87)
2024-12-24 12:23:34,000 - WARNING - Head leaning right (Confidence: 1.00)
2024-12-24 12:23:34,100 - WARNING - Looking right (Confidence: 0.43)
2024-12-24 12:23:34,100 - WARNING - Suspicious rapid eye movements (Confidence: 0.95)
2024-12-24 12:23:34,102 - WARNING - Head tilted up (Confidence: 1.00)
2024-12-24 12:23:34,102 - WARNING - Head turned right (Confidence: 0.81)
2024-12-24 12:23:34,102 - WARNING - Head leaning left (Confidence: 0.35)
2024-12-24 12:23:34,209 - WARNING - Looking right (Confidence: 0.42)
2024-12-24 12:23:34,209 - WARNING - Head tilted down (Confidence: 1.00)
2024-12-24 12:23:34,209 - WARNING - Head turned right (Confidence: 0.25)
2024-12-24 12:23:34,209 - WARNING - Head leaning left (Confidence: 1.00)
2024-12-24 12:23:34,309 - WARNING - Looking right (Confidence: 0.43)
2024-12-24 12:23:34,309 - WARNING - Head tilted down (Confidence: 1.00)
2024-12-24 12:23:34,309 - WARNING - Head leaning left (Confidence: 1.00)
2024-12-24 12:23:35,136 - WARNING - Looking right (Confidence: 0.33)
2024-12-24 12:23:35,137 - WARNING - Sustained irregular gaze detected (Confidence: 0.95)
2024-12-24 12:23:35,137 - WARNING - Suspicious rapid eye movements (Confidence: 0.95)
2024-12-24 12:23:35,137 - WARNING - Head tilted up (Confidence: 1.00)
2024-12-24 12:23:35,137 - WARNING - Head turned left (Confidence: 0.60)
2024-12-24 12:23:35,137 - WARNING - Head leaning right (Confidence: 1.00)
2024-12-24 12:23:35,238 - WARNING - Looking right (Confidence: 0.32)
2024-12-24 12:23:35,238 - WARNING - Sustained irregular gaze detected (Confidence: 0.95)
2024-12-24 12:23:35,238 - WARNING - Head tilted up (Confidence: 1.00)
2024-12-24 12:23:35,238 - WARNING - Head turned left (Confidence: 0.26)
2024-12-24 12:23:35,331 - WARNING - Head tilted up (Confidence: 1.00)
2024-12-24 12:23:35,440 - WARNING - Head tilted up (Confidence: 1.00)
2024-12-24 12:23:35,541 - WARNING - Head tilted up (Confidence: 1.00)
2024-12-24 12:23:35,646 - WARNING - Head tilted up (Confidence: 1.00)
2024-12-24 12:23:35,745 - WARNING - Head tilted up (Confidence: 1.00)
2024-12-24 12:23:35,850 - WARNING - Head tilted up (Confidence: 1.00)
2024-12-24 12:23:35,955 - WARNING - Head tilted up (Confidence: 1.00)
2024-12-24 12:23:36,063 - WARNING - Head tilted up (Confidence: 1.00)
2024-12-24 12:23:36,164 - WARNING - Looking right (Confidence: 0.31)
2024-12-24 12:23:36,164 - WARNING - Head tilted up (Confidence: 1.00)
2024-12-24 12:23:36,164 - WARNING - Head turned left (Confidence: 0.67)
2024-12-24 12:23:36,164 - WARNING - Head leaning right (Confidence: 1.00)
2024-12-24 12:23:36,266 - WARNING - Looking right (Confidence: 0.33)
2024-12-24 12:23:36,267 - WARNING - Suspicious rapid eye movements (Confidence: 0.95)
2024-12-24 12:23:36,267 - WARNING - Head tilted up (Confidence: 1.00)
2024-12-24 12:23:36,268 - WARNING - Head turned left (Confidence: 0.71)
2024-12-24 12:23:36,268 - WARNING - Head leaning right (Confidence: 1.00)
2024-12-24 12:23:36,995 - WARNING - Looking right (Confidence: 0.33)
2024-12-24 12:23:36,995 - WARNING - Head tilted up (Confidence: 1.00)
2024-12-24 12:23:36,995 - WARNING - Head turned left (Confidence: 0.57)
2024-12-24 12:23:36,995 - WARNING - Head leaning left (Confidence: 1.00)
2024-12-24 12:23:37,093 - WARNING - Head tilted up (Confidence: 1.00)
2024-12-24 12:23:37,093 - WARNING - Head turned left (Confidence: 0.25)
2024-12-24 12:23:37,202 - WARNING - Head tilted up (Confidence: 1.00)
2024-12-24 12:23:37,310 - WARNING - Head tilted up (Confidence: 1.00)
2024-12-24 12:23:37,411 - WARNING - Head tilted up (Confidence: 1.00)
2024-12-24 12:23:37,514 - WARNING - Head tilted up (Confidence: 1.00)
2024-12-24 12:23:37,617 - WARNING - Head tilted up (Confidence: 1.00)
2024-12-24 12:23:37,718 - WARNING - Head tilted up (Confidence: 1.00)
2024-12-24 12:23:37,823 - WARNING - Head tilted up (Confidence: 1.00)
2024-12-24 12:23:37,930 - WARNING - Head tilted up (Confidence: 1.00)
2024-12-24 12:23:38,031 - WARNING - Head tilted up (Confidence: 1.00)
2024-12-24 12:23:38,135 - WARNING - Head tilted up (Confidence: 1.00)
2024-12-24 12:23:38,235 - WARNING - Head tilted up (Confidence: 1.00)
2024-12-24 12:23:38,343 - WARNING - Looking right (Confidence: 0.32)
2024-12-24 12:23:38,344 - WARNING - Head tilted up (Confidence: 1.00)
2024-12-24 12:23:38,344 - WARNING - Head turned left (Confidence: 0.58)
2024-12-24 12:23:38,344 - WARNING - Head leaning right (Confidence: 1.00)
2024-12-24 12:23:39,781 - WARNING - Head tilted up (Confidence: 1.00)
2024-12-24 12:23:39,883 - WARNING - Head tilted down (Confidence: 1.00)
2024-12-24 12:23:39,977 - WARNING - Head tilted up (Confidence: 1.00)
2024-12-24 12:23:40,080 - WARNING - Head tilted down (Confidence: 1.00)
2024-12-24 12:23:40,300 - WARNING - Head tilted up (Confidence: 1.00)
2024-12-24 12:23:40,300 - WARNING - Head turned right (Confidence: 0.41)
2024-12-24 12:23:40,300 - WARNING - Head leaning left (Confidence: 1.00)
2024-12-24 12:23:40,702 - WARNING - Head tilted down (Confidence: 1.00)
2024-12-24 12:23:40,702 - WARNING - Head turned left (Confidence: 0.47)
2024-12-24 12:23:40,702 - WARNING - Head leaning left (Confidence: 1.00)
2024-12-24 12:23:40,796 - WARNING - Head tilted up (Confidence: 1.00)
2024-12-24 12:23:40,796 - WARNING - Head turned right (Confidence: 0.34)
2024-12-24 12:23:40,796 - WARNING - Head leaning left (Confidence: 1.00)
2024-12-24 12:23:40,906 - WARNING - Head tilted up (Confidence: 1.00)
2024-12-24 12:23:41,007 - WARNING - Head tilted up (Confidence: 1.00)
2024-12-24 12:23:41,108 - WARNING - Head tilted up (Confidence: 1.00)
2024-12-24 12:23:41,210 - WARNING - Head tilted up (Confidence: 1.00)
2024-12-24 12:23:41,315 - WARNING - Head tilted up (Confidence: 1.00)
2024-12-24 12:23:41,421 - WARNING - Head tilted up (Confidence: 1.00)
2024-12-24 12:23:41,520 - WARNING - Head tilted up (Confidence: 1.00)
2024-12-24 12:23:41,627 - WARNING - Head tilted up (Confidence: 1.00)
2024-12-24 12:23:41,726 - WARNING - Head tilted up (Confidence: 1.00)
2024-12-24 12:23:41,826 - WARNING - Head tilted up (Confidence: 1.00)
2024-12-24 12:23:41,929 - WARNING - Head tilted up (Confidence: 1.00)
2024-12-24 12:23:42,033 - WARNING - Head tilted up (Confidence: 1.00)
2024-12-24 12:23:42,131 - WARNING - Head tilted up (Confidence: 1.00)
2024-12-24 12:23:42,236 - WARNING - Head tilted up (Confidence: 1.00)
2024-12-24 12:23:42,340 - WARNING - Head tilted up (Confidence: 1.00)
2024-12-24 12:23:42,441 - WARNING - Head tilted up (Confidence: 1.00)
2024-12-24 12:23:42,548 - WARNING - Head tilted up (Confidence: 1.00)
2024-12-24 12:23:42,647 - WARNING - Head tilted up (Confidence: 1.00)
2024-12-24 12:23:42,752 - WARNING - Head tilted up (Confidence: 1.00)
2024-12-24 12:23:42,852 - WARNING - Head tilted up (Confidence: 1.00)
2024-12-24 12:23:42,952 - WARNING - Head tilted up (Confidence: 1.00)
2024-12-24 12:23:43,054 - WARNING - Head tilted up (Confidence: 1.00)
2024-12-24 12:23:43,158 - WARNING - Head tilted down (Confidence: 1.00)
2024-12-24 12:23:43,265 - WARNING - Head tilted up (Confidence: 1.00)
2024-12-24 12:23:43,368 - WARNING - Head tilted up (Confidence: 1.00)
2024-12-24 12:23:43,465 - WARNING - Head tilted up (Confidence: 1.00)
2024-12-24 12:23:43,467 - WARNING - Head turned right (Confidence: 0.31)
2024-12-24 12:23:43,571 - WARNING - Head tilted up (Confidence: 1.00)
2024-12-24 12:23:43,572 - WARNING - Head turned right (Confidence: 0.38)
2024-12-24 12:23:43,669 - WARNING - Head tilted up (Confidence: 1.00)
2024-12-24 12:23:43,669 - WARNING - Head turned right (Confidence: 0.36)
2024-12-24 12:23:43,772 - WARNING - Head tilted up (Confidence: 1.00)
2024-12-24 12:23:43,772 - WARNING - Head turned right (Confidence: 0.35)
2024-12-24 12:23:43,873 - WARNING - Head tilted up (Confidence: 1.00)
2024-12-24 12:23:43,873 - WARNING - Head turned right (Confidence: 0.36)
2024-12-24 12:23:43,979 - WARNING - Head tilted up (Confidence: 1.00)
2024-12-24 12:23:43,980 - WARNING - Head turned right (Confidence: 0.35)
2024-12-24 12:23:44,078 - WARNING - Head tilted up (Confidence: 1.00)
2024-12-24 12:23:44,078 - WARNING - Head turned right (Confidence: 0.37)
2024-12-24 12:23:44,181 - WARNING - Head tilted up (Confidence: 1.00)
2024-12-24 12:23:44,181 - WARNING - Head turned right (Confidence: 0.37)
2024-12-24 12:23:44,284 - WARNING - Head tilted up (Confidence: 1.00)
2024-12-24 12:23:44,284 - WARNING - Head turned right (Confidence: 0.40)
2024-12-24 12:23:44,387 - WARNING - Head tilted up (Confidence: 1.00)
2024-12-24 12:23:44,387 - WARNING - Head turned right (Confidence: 0.37)
2024-12-24 12:23:44,492 - WARNING - Head tilted up (Confidence: 1.00)
2024-12-24 12:23:44,492 - WARNING - Head turned right (Confidence: 0.37)
2024-12-24 12:23:44,597 - WARNING - Head tilted up (Confidence: 1.00)
2024-12-24 12:23:44,614 - WARNING - Head turned right (Confidence: 0.38)
2024-12-24 12:23:44,695 - WARNING - Head tilted up (Confidence: 1.00)
2024-12-24 12:23:44,695 - WARNING - Head turned right (Confidence: 0.37)
2024-12-24 12:23:44,803 - WARNING - Head tilted up (Confidence: 1.00)
2024-12-24 12:23:44,804 - WARNING - Head turned right (Confidence: 0.32)
2024-12-24 12:23:44,804 - WARNING - Head leaning left (Confidence: 1.00)
2024-12-24 12:23:44,906 - WARNING - Head tilted up (Confidence: 1.00)
2024-12-24 12:23:44,906 - WARNING - Head turned right (Confidence: 0.32)
2024-12-24 12:23:44,906 - WARNING - Head leaning left (Confidence: 1.00)
2024-12-24 12:23:45,005 - WARNING - Head tilted up (Confidence: 1.00)
2024-12-24 12:23:45,005 - WARNING - Head turned right (Confidence: 0.30)
2024-12-24 12:23:45,005 - WARNING - Head leaning left (Confidence: 1.00)
2024-12-24 12:23:45,110 - WARNING - Head tilted up (Confidence: 1.00)
2024-12-24 12:23:45,110 - WARNING - Head turned right (Confidence: 0.31)
2024-12-24 12:23:45,110 - WARNING - Head leaning left (Confidence: 1.00)
2024-12-24 12:23:45,216 - WARNING - Head tilted up (Confidence: 1.00)
2024-12-24 12:23:45,217 - WARNING - Head turned right (Confidence: 0.31)
2024-12-24 12:23:45,217 - WARNING - Head leaning left (Confidence: 1.00)
2024-12-24 12:23:45,314 - WARNING - Head tilted up (Confidence: 1.00)
2024-12-24 12:23:45,314 - WARNING - Head turned right (Confidence: 0.38)
2024-12-24 12:23:45,426 - WARNING - Head tilted up (Confidence: 1.00)
2024-12-24 12:23:45,426 - WARNING - Head turned right (Confidence: 0.30)
2024-12-24 12:23:45,426 - WARNING - Head leaning left (Confidence: 1.00)
2024-12-24 12:23:45,527 - WARNING - Head tilted up (Confidence: 1.00)
2024-12-24 12:23:45,528 - WARNING - Head turned right (Confidence: 0.34)
2024-12-24 12:23:45,528 - WARNING - Head leaning left (Confidence: 1.00)
2024-12-24 12:23:45,636 - WARNING - Head tilted up (Confidence: 1.00)
2024-12-24 12:23:45,636 - WARNING - Head turned right (Confidence: 0.30)
2024-12-24 12:23:45,636 - WARNING - Head leaning left (Confidence: 1.00)
2024-12-24 12:23:45,732 - WARNING - Head tilted up (Confidence: 1.00)
2024-12-24 12:23:45,732 - WARNING - Head turned right (Confidence: 0.31)
2024-12-24 12:23:45,732 - WARNING - Head leaning left (Confidence: 1.00)
2024-12-24 12:23:45,837 - WARNING - Head tilted up (Confidence: 1.00)
2024-12-24 12:23:45,838 - WARNING - Head turned right (Confidence: 0.31)
2024-12-24 12:23:45,838 - WARNING - Head leaning left (Confidence: 1.00)
2024-12-24 12:23:45,943 - WARNING - Head tilted up (Confidence: 1.00)
2024-12-24 12:23:45,944 - WARNING - Head turned right (Confidence: 0.39)
2024-12-24 12:23:46,048 - WARNING - Head tilted up (Confidence: 1.00)
2024-12-24 12:23:46,048 - WARNING - Head turned right (Confidence: 0.37)
2024-12-24 12:23:46,151 - WARNING - Head tilted up (Confidence: 1.00)
2024-12-24 12:23:46,151 - WARNING - Head turned right (Confidence: 0.31)
2024-12-24 12:23:46,151 - WARNING - Head leaning left (Confidence: 1.00)
2024-12-24 12:23:46,253 - WARNING - Head tilted up (Confidence: 1.00)
2024-12-24 12:23:46,253 - WARNING - Head turned right (Confidence: 0.36)
2024-12-24 12:23:46,361 - WARNING - Head tilted up (Confidence: 1.00)
2024-12-24 12:23:46,361 - WARNING - Head turned right (Confidence: 0.36)
2024-12-24 12:23:46,460 - WARNING - Head tilted up (Confidence: 1.00)
2024-12-24 12:23:46,460 - WARNING - Head turned right (Confidence: 0.30)
2024-12-24 12:23:46,460 - WARNING - Head leaning left (Confidence: 1.00)
2024-12-24 12:23:46,566 - WARNING - Head tilted up (Confidence: 1.00)
2024-12-24 12:23:46,566 - WARNING - Head turned right (Confidence: 0.31)
2024-12-24 12:23:46,566 - WARNING - Head leaning left (Confidence: 1.00)
2024-12-24 12:23:46,669 - WARNING - Head tilted up (Confidence: 1.00)
2024-12-24 12:23:46,669 - WARNING - Head turned right (Confidence: 0.31)
2024-12-24 12:23:46,669 - WARNING - Head leaning left (Confidence: 1.00)
2024-12-24 12:23:46,776 - WARNING - Head tilted up (Confidence: 1.00)
2024-12-24 12:23:46,777 - WARNING - Head turned right (Confidence: 0.34)
2024-12-24 12:23:46,777 - WARNING - Head leaning left (Confidence: 1.00)
2024-12-24 12:23:46,875 - WARNING - Head tilted up (Confidence: 1.00)
2024-12-24 12:23:46,875 - WARNING - Head turned right (Confidence: 0.34)
2024-12-24 12:23:46,875 - WARNING - Head leaning left (Confidence: 1.00)
2024-12-24 12:23:46,979 - WARNING - Head tilted up (Confidence: 1.00)
2024-12-24 12:23:46,979 - WARNING - Head turned right (Confidence: 0.33)
2024-12-24 12:23:46,979 - WARNING - Head leaning left (Confidence: 1.00)
2024-12-24 12:23:47,084 - WARNING - Head tilted up (Confidence: 1.00)
2024-12-24 12:23:47,084 - WARNING - Head turned right (Confidence: 0.33)
2024-12-24 12:23:47,084 - WARNING - Head leaning left (Confidence: 1.00)
2024-12-24 12:23:47,185 - WARNING - Head tilted up (Confidence: 1.00)
2024-12-24 12:23:47,186 - WARNING - Head turned right (Confidence: 0.39)
2024-12-24 12:23:47,286 - WARNING - Head tilted up (Confidence: 1.00)
2024-12-24 12:23:47,287 - WARNING - Head turned right (Confidence: 0.33)
2024-12-24 12:23:47,287 - WARNING - Head leaning left (Confidence: 1.00)
2024-12-24 12:23:47,391 - WARNING - Head tilted up (Confidence: 1.00)
2024-12-24 12:23:47,391 - WARNING - Head turned right (Confidence: 0.30)
2024-12-24 12:23:47,392 - WARNING - Head leaning left (Confidence: 1.00)
2024-12-24 12:23:47,499 - WARNING - Head tilted up (Confidence: 1.00)
2024-12-24 12:23:47,499 - WARNING - Head turned right (Confidence: 0.29)
2024-12-24 12:23:47,499 - WARNING - Head leaning left (Confidence: 1.00)
2024-12-24 12:23:47,604 - WARNING - Head tilted up (Confidence: 1.00)
2024-12-24 12:23:47,604 - WARNING - Head turned right (Confidence: 0.36)
2024-12-24 12:23:47,708 - WARNING - Head tilted up (Confidence: 1.00)
2024-12-24 12:23:47,708 - WARNING - Head turned right (Confidence: 0.38)
2024-12-24 12:23:47,812 - WARNING - Head tilted up (Confidence: 1.00)
2024-12-24 12:23:47,812 - WARNING - Head turned right (Confidence: 0.38)
2024-12-24 12:23:47,914 - WARNING - Head tilted up (Confidence: 1.00)
2024-12-24 12:23:47,914 - WARNING - Head turned right (Confidence: 0.30)
2024-12-24 12:23:47,915 - WARNING - Head leaning left (Confidence: 1.00)
2024-12-24 12:23:48,016 - WARNING - Head tilted up (Confidence: 1.00)
2024-12-24 12:23:48,016 - WARNING - Head turned right (Confidence: 0.38)
2024-12-24 12:23:48,120 - WARNING - Head tilted up (Confidence: 1.00)
2024-12-24 12:23:48,121 - WARNING - Head turned right (Confidence: 0.30)
2024-12-24 12:23:48,121 - WARNING - Head leaning left (Confidence: 1.00)
2024-12-24 12:23:48,221 - WARNING - Head tilted up (Confidence: 1.00)
2024-12-24 12:23:48,221 - WARNING - Head turned right (Confidence: 0.36)
2024-12-24 12:23:48,319 - WARNING - Head tilted up (Confidence: 1.00)
2024-12-24 12:23:48,320 - WARNING - Head turned right (Confidence: 0.37)
2024-12-24 12:23:48,426 - WARNING - Head tilted up (Confidence: 1.00)
2024-12-24 12:23:48,426 - WARNING - Head turned right (Confidence: 0.39)
2024-12-24 12:23:48,523 - WARNING - Head tilted up (Confidence: 1.00)
2024-12-24 12:23:48,523 - WARNING - Head turned right (Confidence: 0.33)
2024-12-24 12:23:48,523 - WARNING - Head leaning left (Confidence: 1.00)
2024-12-24 12:23:48,630 - WARNING - Head tilted up (Confidence: 1.00)
2024-12-24 12:23:48,630 - WARNING - Head turned right (Confidence: 0.33)
2024-12-24 12:23:48,630 - WARNING - Head leaning left (Confidence: 1.00)
2024-12-24 12:23:48,731 - WARNING - Head tilted up (Confidence: 1.00)
2024-12-24 12:23:48,732 - WARNING - Head turned right (Confidence: 0.36)
2024-12-24 12:23:48,839 - WARNING - Head tilted up (Confidence: 1.00)
2024-12-24 12:23:48,840 - WARNING - Head turned right (Confidence: 0.41)
2024-12-24 12:23:48,940 - WARNING - Head tilted up (Confidence: 1.00)
2024-12-24 12:23:48,940 - WARNING - Head turned right (Confidence: 0.42)
2024-12-24 12:23:49,041 - WARNING - Head tilted up (Confidence: 1.00)
2024-12-24 12:23:49,041 - WARNING - Head turned right (Confidence: 0.38)
2024-12-24 12:23:49,147 - WARNING - Head tilted up (Confidence: 1.00)
2024-12-24 12:23:49,147 - WARNING - Head turned right (Confidence: 0.34)
2024-12-24 12:23:49,246 - WARNING - Head tilted up (Confidence: 1.00)
2024-12-24 12:23:49,246 - WARNING - Head turned right (Confidence: 0.33)
2024-12-24 12:23:49,353 - WARNING - Head tilted up (Confidence: 1.00)
2024-12-24 12:23:49,353 - WARNING - Head turned right (Confidence: 0.30)
2024-12-24 12:23:49,452 - WARNING - Head tilted up (Confidence: 1.00)
2024-12-24 12:23:49,452 - WARNING - Head turned right (Confidence: 0.30)
2024-12-24 12:23:49,560 - WARNING - Head tilted up (Confidence: 1.00)
2024-12-24 12:23:49,560 - WARNING - Head turned right (Confidence: 0.28)
2024-12-24 12:23:49,664 - WARNING - Head tilted up (Confidence: 1.00)
2024-12-24 12:23:49,664 - WARNING - Head turned right (Confidence: 0.28)
2024-12-24 12:23:49,766 - WARNING - Head tilted up (Confidence: 1.00)
2024-12-24 12:23:49,766 - WARNING - Head turned right (Confidence: 0.28)
2024-12-24 12:23:49,870 - WARNING - Head tilted up (Confidence: 1.00)
2024-12-24 12:23:49,870 - WARNING - Head turned right (Confidence: 0.27)
2024-12-24 12:23:49,972 - WARNING - Head tilted up (Confidence: 1.00)
2024-12-24 12:23:49,972 - WARNING - Head turned right (Confidence: 0.27)
2024-12-24 12:23:50,073 - WARNING - Head tilted up (Confidence: 1.00)
2024-12-24 12:23:50,078 - WARNING - Head turned right (Confidence: 0.24)
2024-12-24 12:23:50,179 - WARNING - Head tilted up (Confidence: 1.00)
2024-12-24 12:23:50,283 - WARNING - Head tilted up (Confidence: 1.00)
2024-12-24 12:23:50,386 - WARNING - Head tilted up (Confidence: 1.00)
2024-12-24 12:23:50,489 - WARNING - Head tilted up (Confidence: 1.00)
2024-12-24 12:23:50,594 - WARNING - Head tilted up (Confidence: 1.00)
2024-12-24 12:23:50,693 - WARNING - Head tilted up (Confidence: 1.00)
2024-12-24 12:23:50,794 - WARNING - Looking right (Confidence: 0.30)
2024-12-24 12:23:50,794 - WARNING - Head tilted up (Confidence: 1.00)
2024-12-24 12:23:50,896 - WARNING - Looking right (Confidence: 0.33)
2024-12-24 12:23:50,897 - WARNING - Head tilted up (Confidence: 1.00)
2024-12-24 12:23:50,897 - WARNING - Head turned left (Confidence: 0.23)
2024-12-24 12:23:50,999 - WARNING - Looking right (Confidence: 0.37)
2024-12-24 12:23:51,000 - WARNING - Suspicious rapid eye movements (Confidence: 0.95)
2024-12-24 12:23:51,000 - WARNING - Head tilted up (Confidence: 1.00)
2024-12-24 12:23:51,000 - WARNING - Head turned left (Confidence: 0.64)
2024-12-24 12:23:51,000 - WARNING - Head leaning right (Confidence: 1.00)
2024-12-24 12:23:51,101 - WARNING - Looking right (Confidence: 0.38)
2024-12-24 12:23:51,101 - WARNING - Head tilted up (Confidence: 1.00)
2024-12-24 12:23:51,101 - WARNING - Head turned left (Confidence: 0.69)
2024-12-24 12:23:51,101 - WARNING - Head leaning right (Confidence: 1.00)
2024-12-24 12:23:51,203 - WARNING - Looking right (Confidence: 0.38)
2024-12-24 12:23:51,203 - WARNING - Head tilted up (Confidence: 1.00)
2024-12-24 12:23:51,203 - WARNING - Head turned left (Confidence: 0.74)
2024-12-24 12:23:51,203 - WARNING - Head leaning right (Confidence: 1.00)
2024-12-24 12:23:51,310 - WARNING - Looking right (Confidence: 0.38)
2024-12-24 12:23:51,310 - WARNING - Suspicious rapid eye movements (Confidence: 0.95)
2024-12-24 12:23:51,310 - WARNING - Head tilted up (Confidence: 1.00)
2024-12-24 12:23:51,312 - WARNING - Head turned left (Confidence: 0.70)
2024-12-24 12:23:51,312 - WARNING - Head leaning right (Confidence: 1.00)
2024-12-24 12:23:51,416 - WARNING - Looking right (Confidence: 0.37)
2024-12-24 12:23:51,429 - WARNING - Head tilted up (Confidence: 1.00)
2024-12-24 12:23:51,430 - WARNING - Head turned left (Confidence: 0.75)
2024-12-24 12:23:51,430 - WARNING - Head leaning right (Confidence: 1.00)
2024-12-24 12:23:51,513 - WARNING - Looking right (Confidence: 0.37)
2024-12-24 12:23:51,513 - WARNING - Head tilted up (Confidence: 1.00)
2024-12-24 12:23:51,513 - WARNING - Head turned left (Confidence: 0.71)
2024-12-24 12:23:51,513 - WARNING - Head leaning right (Confidence: 1.00)
2024-12-24 12:23:51,612 - WARNING - Looking right (Confidence: 0.38)
2024-12-24 12:23:51,612 - WARNING - Suspicious rapid eye movements (Confidence: 0.95)
2024-12-24 12:23:51,612 - WARNING - Head tilted down (Confidence: 1.00)
2024-12-24 12:23:51,612 - WARNING - Head turned left (Confidence: 0.67)
2024-12-24 12:23:51,612 - WARNING - Head leaning right (Confidence: 1.00)
2024-12-24 12:23:51,716 - WARNING - Looking right (Confidence: 0.36)
2024-12-24 12:23:51,716 - WARNING - Head tilted up (Confidence: 1.00)
2024-12-24 12:23:51,716 - WARNING - Head turned left (Confidence: 0.65)
2024-12-24 12:23:51,716 - WARNING - Head leaning right (Confidence: 1.00)
2024-12-24 12:23:51,818 - WARNING - Looking right (Confidence: 0.36)
2024-12-24 12:23:51,818 - WARNING - Head tilted up (Confidence: 1.00)
2024-12-24 12:23:51,818 - WARNING - Head turned left (Confidence: 0.65)
2024-12-24 12:23:51,818 - WARNING - Head leaning right (Confidence: 1.00)
2024-12-24 12:23:51,923 - WARNING - Looking right (Confidence: 0.36)
2024-12-24 12:23:51,924 - WARNING - Suspicious rapid eye movements (Confidence: 0.95)
2024-12-24 12:23:51,924 - WARNING - Head tilted up (Confidence: 1.00)
2024-12-24 12:23:51,924 - WARNING - Head turned left (Confidence: 0.36)
2024-12-24 12:23:52,034 - WARNING - Looking right (Confidence: 0.35)
2024-12-24 12:23:52,035 - WARNING - Head tilted up (Confidence: 1.00)
2024-12-24 12:23:52,035 - WARNING - Head turned left (Confidence: 0.32)
2024-12-24 12:23:52,132 - WARNING - Looking right (Confidence: 0.34)
2024-12-24 12:23:52,132 - WARNING - Head tilted up (Confidence: 1.00)
2024-12-24 12:23:52,132 - WARNING - Head turned left (Confidence: 0.28)
2024-12-24 12:23:52,234 - WARNING - Looking right (Confidence: 0.32)
2024-12-24 12:23:52,234 - WARNING - Suspicious rapid eye movements (Confidence: 0.95)
2024-12-24 12:23:52,234 - WARNING - Head tilted up (Confidence: 1.00)
2024-12-24 12:23:52,347 - WARNING - Looking right (Confidence: 0.30)
2024-12-24 12:23:52,347 - WARNING - Sustained irregular gaze detected (Confidence: 0.95)
2024-12-24 12:23:52,348 - WARNING - Head tilted up (Confidence: 1.00)
2024-12-24 12:23:52,446 - WARNING - Head tilted up (Confidence: 1.00)
2024-12-24 12:23:52,549 - WARNING - Head tilted up (Confidence: 1.00)
2024-12-24 12:23:52,653 - WARNING - Head tilted up (Confidence: 1.00)
2024-12-24 12:23:52,758 - WARNING - Head tilted up (Confidence: 1.00)
2024-12-24 12:23:52,859 - WARNING - Head tilted up (Confidence: 1.00)
2024-12-24 12:23:52,963 - WARNING - Head tilted up (Confidence: 1.00)
2024-12-24 12:23:53,064 - WARNING - Head tilted up (Confidence: 1.00)
2024-12-24 12:23:53,173 - WARNING - Head tilted up (Confidence: 1.00)
2024-12-24 12:23:53,276 - WARNING - Head tilted up (Confidence: 1.00)
2024-12-24 12:23:53,375 - WARNING - Head tilted up (Confidence: 1.00)
2024-12-24 12:23:53,481 - WARNING - Head tilted up (Confidence: 1.00)
2024-12-24 12:23:53,582 - WARNING - Head tilted up (Confidence: 1.00)
2024-12-24 12:23:53,684 - WARNING - Head tilted up (Confidence: 1.00)
2024-12-24 12:23:53,784 - WARNING - Head tilted up (Confidence: 1.00)
2024-12-24 12:23:53,885 - WARNING - Head tilted up (Confidence: 1.00)
2024-12-24 12:23:53,988 - WARNING - Head tilted up (Confidence: 1.00)
2024-12-24 12:23:54,089 - WARNING - Head tilted up (Confidence: 1.00)
2024-12-24 12:23:54,196 - WARNING - Head tilted up (Confidence: 1.00)
2024-12-24 12:23:54,294 - WARNING - Head tilted up (Confidence: 1.00)
2024-12-24 12:23:54,394 - WARNING - Head tilted up (Confidence: 1.00)
2024-12-24 12:23:54,498 - WARNING - Head tilted up (Confidence: 1.00)
2024-12-24 12:23:54,600 - WARNING - Head tilted up (Confidence: 1.00)
2024-12-24 12:23:54,702 - WARNING - Head tilted up (Confidence: 1.00)
2024-12-24 12:23:54,805 - WARNING - Head tilted up (Confidence: 1.00)
2024-12-24 12:23:54,908 - WARNING - Head tilted up (Confidence: 1.00)
2024-12-24 12:23:55,012 - WARNING - Head tilted up (Confidence: 1.00)
2024-12-24 12:23:55,113 - WARNING - Head tilted up (Confidence: 1.00)
2024-12-24 12:23:55,220 - WARNING - Head tilted up (Confidence: 1.00)
2024-12-24 12:23:55,316 - WARNING - Head tilted up (Confidence: 1.00)
2024-12-24 12:23:55,421 - WARNING - Head tilted up (Confidence: 1.00)
2024-12-24 12:23:55,524 - WARNING - Head tilted up (Confidence: 1.00)
2024-12-24 12:23:55,623 - WARNING - Head tilted down (Confidence: 1.00)
2024-12-24 12:23:55,730 - WARNING - Head tilted down (Confidence: 1.00)
2024-12-24 12:23:55,826 - WARNING - Head tilted down (Confidence: 1.00)
2024-12-24 12:23:55,940 - WARNING - Head tilted down (Confidence: 1.00)
2024-12-24 12:23:56,036 - WARNING - Head tilted up (Confidence: 1.00)
2024-12-24 12:23:56,141 - WARNING - Head tilted up (Confidence: 1.00)
2024-12-24 12:23:56,244 - WARNING - Head tilted up (Confidence: 1.00)
2024-12-24 12:23:56,347 - WARNING - Head tilted up (Confidence: 1.00)
2024-12-24 12:23:56,447 - WARNING - Head tilted up (Confidence: 1.00)
2024-12-24 12:23:56,548 - WARNING - Looking right (Confidence: 0.33)
2024-12-24 12:23:56,548 - WARNING - Head tilted up (Confidence: 1.00)
2024-12-24 12:23:56,548 - WARNING - Head turned left (Confidence: 0.27)
2024-12-24 12:23:56,649 - WARNING - Looking right (Confidence: 0.35)
2024-12-24 12:23:56,650 - WARNING - Suspicious rapid eye movements (Confidence: 0.95)
2024-12-24 12:23:56,650 - WARNING - Head tilted down (Confidence: 1.00)
2024-12-24 12:23:56,650 - WARNING - Head turned left (Confidence: 0.57)
2024-12-24 12:23:56,650 - WARNING - Head leaning right (Confidence: 1.00)
2024-12-24 12:23:57,677 - WARNING - Looking right (Confidence: 0.39)
2024-12-24 12:23:57,678 - WARNING - Head tilted up (Confidence: 1.00)
2024-12-24 12:23:57,777 - WARNING - Looking right (Confidence: 0.34)
2024-12-24 12:23:57,777 - WARNING - Head tilted up (Confidence: 1.00)
2024-12-24 12:23:57,777 - WARNING - Head leaning right (Confidence: 0.30)
2024-12-24 12:23:57,880 - WARNING - Looking right (Confidence: 0.30)
2024-12-24 12:23:57,880 - WARNING - Suspicious rapid eye movements (Confidence: 0.95)
2024-12-24 12:23:57,880 - WARNING - Head tilted up (Confidence: 1.00)
2024-12-24 12:23:57,982 - WARNING - Head tilted up (Confidence: 1.00)
2024-12-24 12:23:58,083 - WARNING - Head tilted up (Confidence: 1.00)
2024-12-24 12:23:58,194 - WARNING - Head tilted up (Confidence: 1.00)
2024-12-24 12:23:58,290 - WARNING - Head tilted down (Confidence: 1.00)
2024-12-24 12:23:58,395 - WARNING - Head tilted up (Confidence: 1.00)
2024-12-24 12:23:58,497 - WARNING - Head tilted down (Confidence: 1.00)
2024-12-24 12:23:58,601 - WARNING - Head tilted up (Confidence: 1.00)
2024-12-24 12:23:58,708 - WARNING - Head tilted up (Confidence: 1.00)
2024-12-24 12:23:58,811 - WARNING - Head tilted up (Confidence: 1.00)
2024-12-24 12:23:58,908 - WARNING - Head tilted up (Confidence: 1.00)
2024-12-24 12:23:59,010 - WARNING - Head tilted up (Confidence: 1.00)
2024-12-24 12:23:59,116 - WARNING - Head tilted up (Confidence: 1.00)
2024-12-24 12:23:59,219 - WARNING - Head tilted up (Confidence: 1.00)
2024-12-24 12:23:59,327 - WARNING - Head tilted up (Confidence: 1.00)
2024-12-24 12:23:59,428 - WARNING - Head tilted up (Confidence: 1.00)
2024-12-24 12:23:59,533 - WARNING - Head tilted up (Confidence: 1.00)
2024-12-24 12:23:59,637 - WARNING - Head tilted up (Confidence: 1.00)
2024-12-24 12:23:59,746 - WARNING - Head tilted up (Confidence: 1.00)
2024-12-24 12:23:59,847 - WARNING - Head tilted up (Confidence: 1.00)
2024-12-24 12:23:59,948 - WARNING - Head tilted up (Confidence: 1.00)
2024-12-24 12:24:00,049 - WARNING - Looking right (Confidence: 0.31)
2024-12-24 12:24:00,049 - WARNING - Head tilted up (Confidence: 1.00)
2024-12-24 12:24:00,049 - WARNING - Head turned left (Confidence: 0.28)
2024-12-24 12:24:00,159 - WARNING - Looking right (Confidence: 0.33)
2024-12-24 12:24:00,159 - WARNING - Head tilted up (Confidence: 1.00)
2024-12-24 12:24:00,159 - WARNING - Head turned left (Confidence: 0.30)
2024-12-24 12:24:00,262 - WARNING - Looking right (Confidence: 0.33)
2024-12-24 12:24:00,262 - WARNING - Suspicious rapid eye movements (Confidence: 0.95)
2024-12-24 12:24:00,263 - WARNING - Head tilted down (Confidence: 1.00)
2024-12-24 12:24:00,263 - WARNING - Head turned left (Confidence: 0.58)
2024-12-24 12:24:00,263 - WARNING - Head leaning right (Confidence: 1.00)
2024-12-24 12:24:00,366 - WARNING - Looking right (Confidence: 0.33)
2024-12-24 12:24:00,366 - WARNING - Head tilted up (Confidence: 1.00)
2024-12-24 12:24:00,366 - WARNING - Head turned left (Confidence: 0.59)
2024-12-24 12:24:00,366 - WARNING - Head leaning right (Confidence: 1.00)
2024-12-24 12:24:00,471 - WARNING - Looking right (Confidence: 0.31)
2024-12-24 12:24:00,471 - WARNING - Head tilted up (Confidence: 1.00)
2024-12-24 12:24:00,471 - WARNING - Head turned left (Confidence: 0.27)
2024-12-24 12:24:00,575 - WARNING - Head tilted up (Confidence: 1.00)
2024-12-24 12:24:00,575 - WARNING - Head turned left (Confidence: 0.27)
2024-12-24 12:24:00,676 - WARNING - Head tilted up (Confidence: 1.00)
2024-12-24 12:24:00,779 - WARNING - Head tilted up (Confidence: 1.00)
2024-12-24 12:24:00,891 - WARNING - Head tilted up (Confidence: 1.00)
2024-12-24 12:24:00,992 - WARNING - Head tilted up (Confidence: 1.00)
2024-12-24 12:24:01,091 - WARNING - Looking right (Confidence: 0.30)
2024-12-24 12:24:01,092 - WARNING - Suspicious rapid eye movements (Confidence: 0.95)
2024-12-24 12:24:01,092 - WARNING - Head tilted up (Confidence: 1.00)
2024-12-24 12:24:01,092 - WARNING - Head turned left (Confidence: 0.30)
2024-12-24 12:24:01,192 - WARNING - Head tilted up (Confidence: 1.00)
2024-12-24 12:24:01,192 - WARNING - Head turned left (Confidence: 0.28)
2024-12-24 12:24:01,297 - WARNING - Head tilted up (Confidence: 1.00)
2024-12-24 12:24:01,297 - WARNING - Head turned left (Confidence: 0.27)
2024-12-24 12:24:01,402 - WARNING - Head tilted up (Confidence: 1.00)
2024-12-24 12:24:01,506 - WARNING - Head tilted up (Confidence: 1.00)
2024-12-24 12:24:01,610 - WARNING - Head tilted up (Confidence: 1.00)
2024-12-24 12:24:01,714 - WARNING - Head tilted up (Confidence: 1.00)
2024-12-24 12:24:01,815 - WARNING - Head tilted up (Confidence: 1.00)
2024-12-24 12:24:01,920 - WARNING - Head tilted up (Confidence: 1.00)
2024-12-24 12:24:02,027 - WARNING - Head tilted up (Confidence: 1.00)
2024-12-24 12:24:02,128 - WARNING - Head tilted up (Confidence: 1.00)
2024-12-24 12:24:02,233 - WARNING - Head tilted up (Confidence: 1.00)
2024-12-24 12:24:02,339 - WARNING - Head tilted up (Confidence: 1.00)
2024-12-24 12:24:02,443 - WARNING - Head tilted up (Confidence: 1.00)
2024-12-24 12:24:02,545 - WARNING - Head tilted up (Confidence: 1.00)
2024-12-24 12:24:02,656 - WARNING - Head tilted up (Confidence: 1.00)
2024-12-24 12:24:02,755 - WARNING - Head tilted up (Confidence: 1.00)
2024-12-24 12:24:02,859 - WARNING - Head tilted up (Confidence: 1.00)
2024-12-24 12:24:02,965 - WARNING - Head tilted up (Confidence: 1.00)
2024-12-24 12:24:03,066 - WARNING - Head tilted up (Confidence: 1.00)
2024-12-24 12:24:03,168 - WARNING - Head tilted up (Confidence: 1.00)
2024-12-24 12:24:03,270 - WARNING - Head tilted up (Confidence: 1.00)
2024-12-24 12:24:03,370 - WARNING - Head tilted up (Confidence: 1.00)
2024-12-24 12:24:03,472 - WARNING - Head tilted up (Confidence: 1.00)
2024-12-24 12:24:03,574 - WARNING - Head tilted up (Confidence: 1.00)
2024-12-24 12:24:03,678 - WARNING - Head tilted up (Confidence: 1.00)
2024-12-24 12:24:03,777 - WARNING - Head tilted up (Confidence: 1.00)
2024-12-24 12:24:03,883 - WARNING - Head tilted up (Confidence: 1.00)
2024-12-24 12:24:03,982 - WARNING - Head tilted up (Confidence: 1.00)
2024-12-24 12:24:04,086 - WARNING - Head tilted up (Confidence: 1.00)
2024-12-24 12:24:04,186 - WARNING - Head tilted up (Confidence: 1.00)
2024-12-24 12:24:04,288 - WARNING - Head tilted up (Confidence: 1.00)
